<test-file 
	xmlns:s="http://autox.yukthitech.com/steps"
	xmlns:f="http://autox.yukthitech.com/functions" 
	xmlns:wrap="http://xmlbeanparser.yukthitech.com/wrap">
	
	<test-suite name="">
		<test-case name="">
			<description>
				
			</description>
			
			
		</test-case>
	</test-suite>

</test-file>