<test-file 
	xmlns:s="http://autox.yukthitech.com/steps"
	xmlns:f="http://autox.yukthitech.com/functions" 
	xmlns:wrap="http://xmlbeanparser.yukthitech.com/wrap">
	
	<test-suite name="test-suite-setup-err">
		<setup>
			<s:fail message="Failing the setup"/>
		</setup>
		
		<test-case name="tsSetupErr_test">
			<description>
				This is not suppose to be executed.
			</description>

			<s:log message="This is not suppose to come."/>
		</test-case>
	</test-suite>

</test-file>